  [1m[35m (21.8ms)[0m  [1m[35mCREATE TABLE "schema_migrations" ("version" character varying PRIMARY KEY)[0m
  [1m[35m (4.5ms)[0m  [1m[35mCREATE TABLE "ar_internal_metadata" ("key" character varying PRIMARY KEY, "value" character varying, "created_at" timestamp NOT NULL, "updated_at" timestamp NOT NULL)[0m
  [1m[35m (0.7ms)[0m  [1m[34mSELECT pg_try_advisory_lock(7080081426352088385);[0m
  [1m[36mActiveRecord::SchemaMigration Load (0.5ms)[0m  [1m[34mSELECT "schema_migrations".* FROM "schema_migrations"[0m
Migrating to CreateTodos (20190617153333)
  [1m[35m (0.1ms)[0m  [1m[35mBEGIN[0m
  [1m[35m (8.2ms)[0m  [1m[35mCREATE TABLE "todos" ("id" serial primary key, "title" character varying, "created_by" character varying, "created_at" timestamp NOT NULL, "updated_at" timestamp NOT NULL)[0m
  [1m[35mSQL (0.6ms)[0m  [1m[32mINSERT INTO "schema_migrations" ("version") VALUES ($1) RETURNING "version"[0m  [["version", "20190617153333"]]
  [1m[35m (0.5ms)[0m  [1m[35mCOMMIT[0m
Migrating to CreateItems (20190617153507)
  [1m[35m (0.4ms)[0m  [1m[35mBEGIN[0m
  [1m[35m (15.6ms)[0m  [1m[35mCREATE TABLE "items" ("id" serial primary key, "name" character varying, "done" boolean, "todo_id" integer, "created_at" timestamp NOT NULL, "updated_at" timestamp NOT NULL, CONSTRAINT "fk_rails_c01e6b449d"
FOREIGN KEY ("todo_id")
  REFERENCES "todos" ("id")
)[0m
  [1m[35m (3.0ms)[0m  [1m[35mCREATE  INDEX  "index_items_on_todo_id" ON "items"  ("todo_id")[0m
  [1m[35mSQL (0.5ms)[0m  [1m[32mINSERT INTO "schema_migrations" ("version") VALUES ($1) RETURNING "version"[0m  [["version", "20190617153507"]]
  [1m[35m (0.3ms)[0m  [1m[35mCOMMIT[0m
  [1m[36mActiveRecord::InternalMetadata Load (0.7ms)[0m  [1m[34mSELECT  "ar_internal_metadata".* FROM "ar_internal_metadata" WHERE "ar_internal_metadata"."key" = $1 LIMIT $2[0m  [["key", "environment"], ["LIMIT", 1]]
  [1m[35m (0.1ms)[0m  [1m[35mBEGIN[0m
  [1m[35mSQL (0.5ms)[0m  [1m[32mINSERT INTO "ar_internal_metadata" ("key", "value", "created_at", "updated_at") VALUES ($1, $2, $3, $4) RETURNING "key"[0m  [["key", "environment"], ["value", "development"], ["created_at", "2019-06-17 15:38:52.286566"], ["updated_at", "2019-06-17 15:38:52.286566"]]
  [1m[35m (0.2ms)[0m  [1m[35mCOMMIT[0m
  [1m[35m (0.3ms)[0m  [1m[34mSELECT pg_advisory_unlock(7080081426352088385)[0m
  [1m[36mActiveRecord::SchemaMigration Load (0.2ms)[0m  [1m[34mSELECT "schema_migrations".* FROM "schema_migrations"[0m
DEPRECATION WARNING: Static attributes will be removed in FactoryBot 5.0. Please use dynamic
attributes instead by wrapping the attribute value in a block:

done { false }

To automatically update from static attributes to dynamic ones,
install rubocop-rspec and run:

rubocop \
  --require rubocop-rspec \
  --only FactoryBot/AttributeDefinedStatically \
  --auto-correct

 (called from block (2 levels) in <top (required)> at /Users/andela/Desktop/todo-app-api/spec/factories/items.rb:4)
DEPRECATION WARNING: Static attributes will be removed in FactoryBot 5.0. Please use dynamic
attributes instead by wrapping the attribute value in a block:

todo_id { nil }

To automatically update from static attributes to dynamic ones,
install rubocop-rspec and run:

rubocop \
  --require rubocop-rspec \
  --only FactoryBot/AttributeDefinedStatically \
  --auto-correct

 (called from block (2 levels) in <top (required)> at /Users/andela/Desktop/todo-app-api/spec/factories/items.rb:5)
DEPRECATION WARNING: Static attributes will be removed in FactoryBot 5.0. Please use dynamic
attributes instead by wrapping the attribute value in a block:

done { false }

To automatically update from static attributes to dynamic ones,
install rubocop-rspec and run:

rubocop \
  --require rubocop-rspec \
  --only FactoryBot/AttributeDefinedStatically \
  --auto-correct

 (called from block (2 levels) in <top (required)> at /Users/andela/Desktop/todo-app-api/spec/factories/items.rb:4)
DEPRECATION WARNING: Static attributes will be removed in FactoryBot 5.0. Please use dynamic
attributes instead by wrapping the attribute value in a block:

todo_id { nil }

To automatically update from static attributes to dynamic ones,
install rubocop-rspec and run:

rubocop \
  --require rubocop-rspec \
  --only FactoryBot/AttributeDefinedStatically \
  --auto-correct

 (called from block (2 levels) in <top (required)> at /Users/andela/Desktop/todo-app-api/spec/factories/items.rb:5)
Started GET "/todos" for ::1 at 2019-06-18 08:16:14 +0100
  [1m[36mActiveRecord::SchemaMigration Load (0.7ms)[0m  [1m[34mSELECT "schema_migrations".* FROM "schema_migrations"[0m
  
ActionController::RoutingError (undefined method `json_response' for TodosController:Class):
  
app/controllers/todos_controller.rb:6:in `<class:TodosController>'
app/controllers/todos_controller.rb:1:in `<top (required)>'
Started GET "/todos" for ::1 at 2019-06-18 08:20:02 +0100
Processing by TodosController#index as */*
  Parameters: {"name"=>"Tolulope", "score"=>23, "todo"=>{}}
  [1m[36mTodo Load (1.4ms)[0m  [1m[34mSELECT "todos".* FROM "todos"[0m
Completed 200 OK in 3ms (Views: 1.2ms | ActiveRecord: 4.4ms)


DEPRECATION WARNING: Static attributes will be removed in FactoryBot 5.0. Please use dynamic
attributes instead by wrapping the attribute value in a block:

done { false }

To automatically update from static attributes to dynamic ones,
install rubocop-rspec and run:

rubocop \
  --require rubocop-rspec \
  --only FactoryBot/AttributeDefinedStatically \
  --auto-correct

 (called from block (2 levels) in <top (required)> at /Users/andela/Desktop/todo-app-api/spec/factories/items.rb:4)
DEPRECATION WARNING: Static attributes will be removed in FactoryBot 5.0. Please use dynamic
attributes instead by wrapping the attribute value in a block:

todo_id { nil }

To automatically update from static attributes to dynamic ones,
install rubocop-rspec and run:

rubocop \
  --require rubocop-rspec \
  --only FactoryBot/AttributeDefinedStatically \
  --auto-correct

 (called from block (2 levels) in <top (required)> at /Users/andela/Desktop/todo-app-api/spec/factories/items.rb:5)
  [1m[36mActiveRecord::SchemaMigration Load (0.7ms)[0m  [1m[34mSELECT "schema_migrations".* FROM "schema_migrations"[0m
Started GET "/todos" for ::1 at 2019-06-18 08:21:23 +0100
Processing by TodosController#index as */*
  Parameters: {"name"=>"Tolulope", "score"=>23, "todo"=>{}}
  [1m[36mTodo Load (2.5ms)[0m  [1m[34mSELECT "todos".* FROM "todos"[0m
Completed 200 OK in 7ms (Views: 3.4ms | ActiveRecord: 2.5ms)


Started GET "/todos" for ::1 at 2019-06-18 08:21:24 +0100
Processing by TodosController#index as */*
  Parameters: {"name"=>"Tolulope", "score"=>23, "todo"=>{}}
  [1m[36mTodo Load (0.5ms)[0m  [1m[34mSELECT "todos".* FROM "todos"[0m
Completed 200 OK in 2ms (Views: 0.8ms | ActiveRecord: 0.5ms)


DEPRECATION WARNING: Static attributes will be removed in FactoryBot 5.0. Please use dynamic
attributes instead by wrapping the attribute value in a block:

done { false }

To automatically update from static attributes to dynamic ones,
install rubocop-rspec and run:

rubocop \
  --require rubocop-rspec \
  --only FactoryBot/AttributeDefinedStatically \
  --auto-correct

 (called from block (2 levels) in <top (required)> at /Users/andela/Desktop/todo-app-api/spec/factories/items.rb:4)
DEPRECATION WARNING: Static attributes will be removed in FactoryBot 5.0. Please use dynamic
attributes instead by wrapping the attribute value in a block:

todo_id { nil }

To automatically update from static attributes to dynamic ones,
install rubocop-rspec and run:

rubocop \
  --require rubocop-rspec \
  --only FactoryBot/AttributeDefinedStatically \
  --auto-correct

 (called from block (2 levels) in <top (required)> at /Users/andela/Desktop/todo-app-api/spec/factories/items.rb:5)
  [1m[36mActiveRecord::SchemaMigration Load (0.6ms)[0m  [1m[34mSELECT "schema_migrations".* FROM "schema_migrations"[0m
DEPRECATION WARNING: Static attributes will be removed in FactoryBot 5.0. Please use dynamic
attributes instead by wrapping the attribute value in a block:

done { false }

To automatically update from static attributes to dynamic ones,
install rubocop-rspec and run:

rubocop \
  --require rubocop-rspec \
  --only FactoryBot/AttributeDefinedStatically \
  --auto-correct

 (called from block (2 levels) in <top (required)> at /Users/andela/Desktop/todo-app-api/spec/factories/items.rb:4)
DEPRECATION WARNING: Static attributes will be removed in FactoryBot 5.0. Please use dynamic
attributes instead by wrapping the attribute value in a block:

todo_id { nil }

To automatically update from static attributes to dynamic ones,
install rubocop-rspec and run:

rubocop \
  --require rubocop-rspec \
  --only FactoryBot/AttributeDefinedStatically \
  --auto-correct

 (called from block (2 levels) in <top (required)> at /Users/andela/Desktop/todo-app-api/spec/factories/items.rb:5)
  [1m[36mActiveRecord::SchemaMigration Load (0.6ms)[0m  [1m[34mSELECT "schema_migrations".* FROM "schema_migrations"[0m
  [1m[35m (0.1ms)[0m  [1m[35mBEGIN[0m
  [1m[35mSQL (2.4ms)[0m  [1m[32mINSERT INTO "todos" ("title", "created_by", "created_at", "updated_at") VALUES ($1, $2, $3, $4) RETURNING "id"[0m  [["title", "sapiente"], ["created_by", "3451349057"], ["created_at", "2019-06-18 07:27:17.417657"], ["updated_at", "2019-06-18 07:27:17.417657"]]
  [1m[35m (0.6ms)[0m  [1m[35mCOMMIT[0m
  [1m[35m (0.1ms)[0m  [1m[35mBEGIN[0m
  [1m[35mSQL (0.3ms)[0m  [1m[32mINSERT INTO "todos" ("title", "created_by", "created_at", "updated_at") VALUES ($1, $2, $3, $4) RETURNING "id"[0m  [["title", "dolor"], ["created_by", "9868281603"], ["created_at", "2019-06-18 07:27:17.422853"], ["updated_at", "2019-06-18 07:27:17.422853"]]
  [1m[35m (0.4ms)[0m  [1m[35mCOMMIT[0m
  [1m[35m (0.1ms)[0m  [1m[35mBEGIN[0m
  [1m[35mSQL (0.3ms)[0m  [1m[32mINSERT INTO "todos" ("title", "created_by", "created_at", "updated_at") VALUES ($1, $2, $3, $4) RETURNING "id"[0m  [["title", "tenetur"], ["created_by", "1460458952"], ["created_at", "2019-06-18 07:27:17.425032"], ["updated_at", "2019-06-18 07:27:17.425032"]]
  [1m[35m (0.6ms)[0m  [1m[35mCOMMIT[0m
  [1m[35m (0.1ms)[0m  [1m[35mBEGIN[0m
  [1m[35mSQL (0.2ms)[0m  [1m[32mINSERT INTO "todos" ("title", "created_by", "created_at", "updated_at") VALUES ($1, $2, $3, $4) RETURNING "id"[0m  [["title", "voluptas"], ["created_by", "9622920998"], ["created_at", "2019-06-18 07:27:17.427073"], ["updated_at", "2019-06-18 07:27:17.427073"]]
  [1m[35m (0.4ms)[0m  [1m[35mCOMMIT[0m
  [1m[35m (0.1ms)[0m  [1m[35mBEGIN[0m
  [1m[35mSQL (0.3ms)[0m  [1m[32mINSERT INTO "todos" ("title", "created_by", "created_at", "updated_at") VALUES ($1, $2, $3, $4) RETURNING "id"[0m  [["title", "quae"], ["created_by", "5206510348"], ["created_at", "2019-06-18 07:27:17.428907"], ["updated_at", "2019-06-18 07:27:17.428907"]]
  [1m[35m (0.3ms)[0m  [1m[35mCOMMIT[0m
DEPRECATION WARNING: Static attributes will be removed in FactoryBot 5.0. Please use dynamic
attributes instead by wrapping the attribute value in a block:

done { false }

To automatically update from static attributes to dynamic ones,
install rubocop-rspec and run:

rubocop \
  --require rubocop-rspec \
  --only FactoryBot/AttributeDefinedStatically \
  --auto-correct

 (called from block (2 levels) in <top (required)> at /Users/andela/Desktop/todo-app-api/spec/factories/items.rb:4)
DEPRECATION WARNING: Static attributes will be removed in FactoryBot 5.0. Please use dynamic
attributes instead by wrapping the attribute value in a block:

todo_id { nil }

To automatically update from static attributes to dynamic ones,
install rubocop-rspec and run:

rubocop \
  --require rubocop-rspec \
  --only FactoryBot/AttributeDefinedStatically \
  --auto-correct

 (called from block (2 levels) in <top (required)> at /Users/andela/Desktop/todo-app-api/spec/factories/items.rb:5)
  [1m[36mActiveRecord::SchemaMigration Load (0.6ms)[0m  [1m[34mSELECT "schema_migrations".* FROM "schema_migrations"[0m
  [1m[35m (0.6ms)[0m  [1m[35mBEGIN[0m
  [1m[35mSQL (0.6ms)[0m  [1m[32mINSERT INTO "todos" ("title", "created_by", "created_at", "updated_at") VALUES ($1, $2, $3, $4) RETURNING "id"[0m  [["title", "animi"], ["created_by", "porro"], ["created_at", "2019-06-18 07:28:33.702870"], ["updated_at", "2019-06-18 07:28:33.702870"]]
  [1m[35m (0.5ms)[0m  [1m[35mCOMMIT[0m
  [1m[35m (0.1ms)[0m  [1m[35mBEGIN[0m
  [1m[35mSQL (0.3ms)[0m  [1m[32mINSERT INTO "todos" ("title", "created_by", "created_at", "updated_at") VALUES ($1, $2, $3, $4) RETURNING "id"[0m  [["title", "consectetur"], ["created_by", "aperiam"], ["created_at", "2019-06-18 07:28:33.706114"], ["updated_at", "2019-06-18 07:28:33.706114"]]
  [1m[35m (0.4ms)[0m  [1m[35mCOMMIT[0m
  [1m[35m (0.1ms)[0m  [1m[35mBEGIN[0m
  [1m[35mSQL (0.3ms)[0m  [1m[32mINSERT INTO "todos" ("title", "created_by", "created_at", "updated_at") VALUES ($1, $2, $3, $4) RETURNING "id"[0m  [["title", "a"], ["created_by", "inventore"], ["created_at", "2019-06-18 07:28:33.708188"], ["updated_at", "2019-06-18 07:28:33.708188"]]
  [1m[35m (0.4ms)[0m  [1m[35mCOMMIT[0m
  [1m[35m (0.1ms)[0m  [1m[35mBEGIN[0m
  [1m[35mSQL (0.3ms)[0m  [1m[32mINSERT INTO "todos" ("title", "created_by", "created_at", "updated_at") VALUES ($1, $2, $3, $4) RETURNING "id"[0m  [["title", "voluptas"], ["created_by", "blanditiis"], ["created_at", "2019-06-18 07:28:33.710119"], ["updated_at", "2019-06-18 07:28:33.710119"]]
  [1m[35m (0.5ms)[0m  [1m[35mCOMMIT[0m
  [1m[35m (0.1ms)[0m  [1m[35mBEGIN[0m
  [1m[35mSQL (0.4ms)[0m  [1m[32mINSERT INTO "todos" ("title", "created_by", "created_at", "updated_at") VALUES ($1, $2, $3, $4) RETURNING "id"[0m  [["title", "id"], ["created_by", "velit"], ["created_at", "2019-06-18 07:28:33.712178"], ["updated_at", "2019-06-18 07:28:33.712178"]]
  [1m[35m (0.4ms)[0m  [1m[35mCOMMIT[0m
  [1m[35m (0.1ms)[0m  [1m[35mBEGIN[0m
  [1m[35mSQL (0.3ms)[0m  [1m[32mINSERT INTO "todos" ("title", "created_by", "created_at", "updated_at") VALUES ($1, $2, $3, $4) RETURNING "id"[0m  [["title", "nihil"], ["created_by", "ducimus"], ["created_at", "2019-06-18 07:28:33.714165"], ["updated_at", "2019-06-18 07:28:33.714165"]]
  [1m[35m (0.4ms)[0m  [1m[35mCOMMIT[0m
  [1m[35m (0.1ms)[0m  [1m[35mBEGIN[0m
  [1m[35mSQL (0.2ms)[0m  [1m[32mINSERT INTO "todos" ("title", "created_by", "created_at", "updated_at") VALUES ($1, $2, $3, $4) RETURNING "id"[0m  [["title", "at"], ["created_by", "autem"], ["created_at", "2019-06-18 07:28:33.716170"], ["updated_at", "2019-06-18 07:28:33.716170"]]
  [1m[35m (0.4ms)[0m  [1m[35mCOMMIT[0m
  [1m[35m (0.1ms)[0m  [1m[35mBEGIN[0m
  [1m[35mSQL (0.3ms)[0m  [1m[32mINSERT INTO "todos" ("title", "created_by", "created_at", "updated_at") VALUES ($1, $2, $3, $4) RETURNING "id"[0m  [["title", "sed"], ["created_by", "suscipit"], ["created_at", "2019-06-18 07:28:33.717869"], ["updated_at", "2019-06-18 07:28:33.717869"]]
  [1m[35m (0.4ms)[0m  [1m[35mCOMMIT[0m
  [1m[35m (0.1ms)[0m  [1m[35mBEGIN[0m
  [1m[35mSQL (0.3ms)[0m  [1m[32mINSERT INTO "todos" ("title", "created_by", "created_at", "updated_at") VALUES ($1, $2, $3, $4) RETURNING "id"[0m  [["title", "mollitia"], ["created_by", "voluptatem"], ["created_at", "2019-06-18 07:28:33.719586"], ["updated_at", "2019-06-18 07:28:33.719586"]]
  [1m[35m (0.3ms)[0m  [1m[35mCOMMIT[0m
  [1m[35m (0.1ms)[0m  [1m[35mBEGIN[0m
  [1m[35mSQL (0.3ms)[0m  [1m[32mINSERT INTO "todos" ("title", "created_by", "created_at", "updated_at") VALUES ($1, $2, $3, $4) RETURNING "id"[0m  [["title", "aut"], ["created_by", "sit"], ["created_at", "2019-06-18 07:28:33.721244"], ["updated_at", "2019-06-18 07:28:33.721244"]]
  [1m[35m (0.4ms)[0m  [1m[35mCOMMIT[0m
Started GET "/todos" for ::1 at 2019-06-18 08:28:42 +0100
Processing by TodosController#index as */*
  Parameters: {"name"=>"Tolulope", "score"=>23, "todo"=>{}}
  [1m[36mTodo Load (1.1ms)[0m  [1m[34mSELECT "todos".* FROM "todos"[0m
Completed 200 OK in 45ms (Views: 24.9ms | ActiveRecord: 16.3ms)


